<?xml version="1.0" encoding="UTF-8"?>
<testsuite xmlns:xsi="http://www.w3.org/2001/XMLSchema-instance" xsi:schemaLocation="https://maven.apache.org/surefire/maven-surefire-plugin/xsd/surefire-test-report.xsd" name="br.edu.unifei.AppTests" time="0.592" tests="1" errors="1" skipped="0" failures="0">
  <properties>
[...]
</properties>
  <testcase name="initializationError" classname="br.edu.unifei.AppTests" time="0.014">
    <error message="Unable to find a @SpringBootConfiguration, you need to use @ContextConfiguration or @SpringBootTest(classes=...) with your test" type="java.lang.IllegalStateException">java.lang.IllegalStateException: Unable to find a @SpringBootConfiguration, you need to use @ContextConfiguration or @SpringBootTest(classes=...) with your test
</error>
    <system-out><![CDATA[18:20:05.922 [main] DEBUG org.springframework.test.context.junit4.SpringJUnit4ClassRunner - SpringJUnit4ClassRunner constructor called with [class br.edu.unifei.AppTests]
18:20:05.936 [main] DEBUG org.springframework.test.context.BootstrapUtils - Instantiating CacheAwareContextLoaderDelegate from class [org.springframework.test.context.cache.DefaultCacheAwareContextLoaderDelegate]
18:20:05.949 [main] DEBUG org.springframework.test.context.BootstrapUtils - Instantiating BootstrapContext using constructor [public org.springframework.test.context.support.DefaultBootstrapContext(java.lang.Class,org.springframework.test.context.CacheAwareContextLoaderDelegate)]
18:20:05.973 [main] DEBUG org.springframework.test.context.BootstrapUtils - Instantiating TestContextBootstrapper for test class [br.edu.unifei.AppTests] from class [org.springframework.boot.test.context.SpringBootTestContextBootstrapper]
18:20:06.003 [main] INFO org.springframework.boot.test.context.SpringBootTestContextBootstrapper - Neither @ContextConfiguration nor @ContextHierarchy found for test class [br.edu.unifei.AppTests], using SpringBootContextLoader
18:20:06.010 [main] DEBUG org.springframework.test.context.support.AbstractContextLoader - Did not detect default resource location for test class [br.edu.unifei.AppTests]: class path resource [br/edu/unifei/AppTests-context.xml] does not exist
18:20:06.011 [main] DEBUG org.springframework.test.context.support.AbstractContextLoader - Did not detect default resource location for test class [br.edu.unifei.AppTests]: class path resource [br/edu/unifei/AppTestsContext.groovy] does not exist
18:20:06.011 [main] INFO org.springframework.test.context.support.AbstractContextLoader - Could not detect default resource locations for test class [br.edu.unifei.AppTests]: no resource found for suffixes {-context.xml, Context.groovy}.
18:20:06.013 [main] INFO org.springframework.test.context.support.AnnotationConfigContextLoaderUtils - Could not detect default configuration classes for test class [br.edu.unifei.AppTests]: AppTests does not declare any static, non-private, non-final, nested classes annotated with @Configuration.
18:20:06.119 [main] DEBUG org.springframework.test.context.support.ActiveProfilesUtils - Could not find an 'annotation declaring class' for annotation type [org.springframework.test.context.ActiveProfiles] and class [br.edu.unifei.AppTests]
18:20:06.139 [main] DEBUG org.springframework.core.env.StandardEnvironment - Adding [systemProperties] PropertySource with lowest search precedence
18:20:06.147 [main] DEBUG org.springframework.core.env.StandardEnvironment - Adding [systemEnvironment] PropertySource with lowest search precedence
18:20:06.148 [main] DEBUG org.springframework.core.env.StandardEnvironment - Initialized StandardEnvironment with PropertySources [systemProperties,systemEnvironment]
18:20:06.213 [main] DEBUG org.springframework.core.io.support.PathMatchingResourcePatternResolver - Resolved classpath location [br/edu/unifei/] to resources [URL [file:/C:/LocalRepository/fitfaces/backend/target/test-classes/br/edu/unifei/]]
18:20:06.216 [main] DEBUG org.springframework.core.io.support.PathMatchingResourcePatternResolver - Looking for matching resources in directory tree [C:\LocalRepository\fitfaces\backend\target\test-classes\br\edu\unifei]
18:20:06.218 [main] DEBUG org.springframework.core.io.support.PathMatchingResourcePatternResolver - Searching directory [C:\LocalRepository\fitfaces\backend\target\test-classes\br\edu\unifei] for files matching pattern [C:/LocalRepository/fitfaces/backend/target/test-classes/br/edu/unifei/*.class]
18:20:06.223 [main] DEBUG org.springframework.core.io.support.PathMatchingResourcePatternResolver - Resolved location pattern [classpath*:br/edu/unifei/*.class] to resources [file [C:\LocalRepository\fitfaces\backend\target\test-classes\br\edu\unifei\AppTests.class]]
18:20:06.260 [main] DEBUG org.springframework.core.io.support.PathMatchingResourcePatternResolver - Resolved classpath location [br/edu/] to resources [URL [file:/C:/LocalRepository/fitfaces/backend/target/test-classes/br/edu/]]
18:20:06.260 [main] DEBUG org.springframework.core.io.support.PathMatchingResourcePatternResolver - Looking for matching resources in directory tree [C:\LocalRepository\fitfaces\backend\target\test-classes\br\edu]
18:20:06.263 [main] DEBUG org.springframework.core.io.support.PathMatchingResourcePatternResolver - Searching directory [C:\LocalRepository\fitfaces\backend\target\test-classes\br\edu] for files matching pattern [C:/LocalRepository/fitfaces/backend/target/test-classes/br/edu/*.class]
18:20:06.264 [main] DEBUG org.springframework.core.io.support.PathMatchingResourcePatternResolver - Resolved location pattern [classpath*:br/edu/*.class] to resources []
18:20:06.267 [main] DEBUG org.springframework.core.io.support.PathMatchingResourcePatternResolver - Resolved classpath location [br/] to resources [URL [file:/C:/LocalRepository/fitfaces/backend/target/test-classes/br/], URL [file:/C:/LocalRepository/fitfaces/backend/target/classes/br/]]
18:20:06.270 [main] DEBUG org.springframework.core.io.support.PathMatchingResourcePatternResolver - Looking for matching resources in directory tree [C:\LocalRepository\fitfaces\backend\target\test-classes\br]
18:20:06.272 [main] DEBUG org.springframework.core.io.support.PathMatchingResourcePatternResolver - Searching directory [C:\LocalRepository\fitfaces\backend\target\test-classes\br] for files matching pattern [C:/LocalRepository/fitfaces/backend/target/test-classes/br/*.class]
18:20:06.276 [main] DEBUG org.springframework.core.io.support.PathMatchingResourcePatternResolver - Looking for matching resources in directory tree [C:\LocalRepository\fitfaces\backend\target\classes\br]
18:20:06.277 [main] DEBUG org.springframework.core.io.support.PathMatchingResourcePatternResolver - Searching directory [C:\LocalRepository\fitfaces\backend\target\classes\br] for files matching pattern [C:/LocalRepository/fitfaces/backend/target/classes/br/*.class]
18:20:06.278 [main] DEBUG org.springframework.core.io.support.PathMatchingResourcePatternResolver - Resolved location pattern [classpath*:br/*.class] to resources []
]]></system-out>
  </testcase>
</testsuite>